2020-12-17 00:39:11.893  WARN 19348 --- [HikariPool-1 housekeeper] com.zaxxer.hikari.pool.HikariPool        : HikariPool-1 - Thread starvation or clock leap detected (housekeeper delta=3h26s564ms253µs700ns).
2020-12-17 07:23:40.197  WARN 19348 --- [HikariPool-1 housekeeper] com.zaxxer.hikari.pool.HikariPool        : HikariPool-1 - Thread starvation or clock leap detected (housekeeper delta=6h44m48s137ms243µs900ns).
2020-12-17 09:12:07.910  INFO 8704 --- [restartedMain] c.c.e.EmployeePayrollApplication         : Starting EmployeePayrollApplication using Java 13.0.2 on LAPTOP-2DQUBLJ8 with PID 8704 (H:\java-eclipse\EmployeePayrollApp-1\target\classes started by ganeshrapeti in H:\java-eclipse\EmployeePayrollApp-1)
2020-12-17 09:12:07.919 DEBUG 8704 --- [restartedMain] c.c.e.EmployeePayrollApplication         : Running with Spring Boot v2.4.0, Spring v5.3.1
2020-12-17 09:12:07.919  INFO 8704 --- [restartedMain] c.c.e.EmployeePayrollApplication         : The following profiles are active: dev
2020-12-17 09:12:11.755  WARN 8704 --- [restartedMain] ConfigServletWebServerApplicationContext : Exception encountered during context initialization - cancelling refresh attempt: org.springframework.beans.factory.UnsatisfiedDependencyException: Error creating bean with name 'employeePayrollController': Unsatisfied dependency expressed through field 'employeePayrollService'; nested exception is org.springframework.beans.factory.BeanCreationException: Error creating bean with name 'employeePayrollService' defined in file [H:\java-eclipse\EmployeePayrollApp-1\target\classes\com\cg\employeepayroll\services\EmployeePayrollService.class]: Instantiation of bean failed; nested exception is org.springframework.beans.BeanInstantiationException: Failed to instantiate [com.cg.employeepayroll.services.EmployeePayrollService]: Constructor threw exception; nested exception is java.lang.Error: Unresolved compilation problems: 
	The method getBasicPay() is undefined for the type EmployeePayrollDTO
	The method getBasicPay() is undefined for the type EmployeePayrollDTO
	The method getBasicPay() is undefined for the type EmployeePayrollDTO
	The method getBasicPay() is undefined for the type EmployeePayrollDTO

2020-12-17 09:12:26.875 ERROR 8704 --- [restartedMain] o.s.boot.SpringApplication               : Application run failed

org.springframework.beans.factory.UnsatisfiedDependencyException: Error creating bean with name 'employeePayrollController': Unsatisfied dependency expressed through field 'employeePayrollService'; nested exception is org.springframework.beans.factory.BeanCreationException: Error creating bean with name 'employeePayrollService' defined in file [H:\java-eclipse\EmployeePayrollApp-1\target\classes\com\cg\employeepayroll\services\EmployeePayrollService.class]: Instantiation of bean failed; nested exception is org.springframework.beans.BeanInstantiationException: Failed to instantiate [com.cg.employeepayroll.services.EmployeePayrollService]: Constructor threw exception; nested exception is java.lang.Error: Unresolved compilation problems: 
	The method getBasicPay() is undefined for the type EmployeePayrollDTO
	The method getBasicPay() is undefined for the type EmployeePayrollDTO
	The method getBasicPay() is undefined for the type EmployeePayrollDTO
	The method getBasicPay() is undefined for the type EmployeePayrollDTO

	at org.springframework.beans.factory.annotation.AutowiredAnnotationBeanPostProcessor$AutowiredFieldElement.inject(AutowiredAnnotationBeanPostProcessor.java:643) ~[spring-beans-5.3.1.jar:5.3.1]
	at org.springframework.beans.factory.annotation.InjectionMetadata.inject(InjectionMetadata.java:119) ~[spring-beans-5.3.1.jar:5.3.1]
	at org.springframework.beans.factory.annotation.AutowiredAnnotationBeanPostProcessor.postProcessProperties(AutowiredAnnotationBeanPostProcessor.java:399) ~[spring-beans-5.3.1.jar:5.3.1]
	at org.springframework.beans.factory.support.AbstractAutowireCapableBeanFactory.populateBean(AbstractAutowireCapableBeanFactory.java:1415) ~[spring-beans-5.3.1.jar:5.3.1]
	at org.springframework.beans.factory.support.AbstractAutowireCapableBeanFactory.doCreateBean(AbstractAutowireCapableBeanFactory.java:608) ~[spring-beans-5.3.1.jar:5.3.1]
	at org.springframework.beans.factory.support.AbstractAutowireCapableBeanFactory.createBean(AbstractAutowireCapableBeanFactory.java:531) ~[spring-beans-5.3.1.jar:5.3.1]
	at org.springframework.beans.factory.support.AbstractBeanFactory.lambda$doGetBean$0(AbstractBeanFactory.java:335) ~[spring-beans-5.3.1.jar:5.3.1]
	at org.springframework.beans.factory.support.DefaultSingletonBeanRegistry.getSingleton(DefaultSingletonBeanRegistry.java:234) ~[spring-beans-5.3.1.jar:5.3.1]
	at org.springframework.beans.factory.support.AbstractBeanFactory.doGetBean(AbstractBeanFactory.java:333) ~[spring-beans-5.3.1.jar:5.3.1]
	at org.springframework.beans.factory.support.AbstractBeanFactory.getBean(AbstractBeanFactory.java:208) ~[spring-beans-5.3.1.jar:5.3.1]
	at org.springframework.beans.factory.support.DefaultListableBeanFactory.preInstantiateSingletons(DefaultListableBeanFactory.java:944) ~[spring-beans-5.3.1.jar:5.3.1]
	at org.springframework.context.support.AbstractApplicationContext.finishBeanFactoryInitialization(AbstractApplicationContext.java:925) ~[spring-context-5.3.1.jar:5.3.1]
	at org.springframework.context.support.AbstractApplicationContext.refresh(AbstractApplicationContext.java:588) ~[spring-context-5.3.1.jar:5.3.1]
	at org.springframework.boot.web.servlet.context.ServletWebServerApplicationContext.refresh(ServletWebServerApplicationContext.java:144) ~[spring-boot-2.4.0.jar:2.4.0]
	at org.springframework.boot.SpringApplication.refresh(SpringApplication.java:767) ~[spring-boot-2.4.0.jar:2.4.0]
	at org.springframework.boot.SpringApplication.refresh(SpringApplication.java:759) ~[spring-boot-2.4.0.jar:2.4.0]
	at org.springframework.boot.SpringApplication.refreshContext(SpringApplication.java:426) ~[spring-boot-2.4.0.jar:2.4.0]
	at org.springframework.boot.SpringApplication.run(SpringApplication.java:326) ~[spring-boot-2.4.0.jar:2.4.0]
	at org.springframework.boot.SpringApplication.run(SpringApplication.java:1309) ~[spring-boot-2.4.0.jar:2.4.0]
	at org.springframework.boot.SpringApplication.run(SpringApplication.java:1298) ~[spring-boot-2.4.0.jar:2.4.0]
	at com.cg.employeepayroll.EmployeePayrollApplication.main(EmployeePayrollApplication.java:15) ~[classes/:na]
	at java.base/jdk.internal.reflect.NativeMethodAccessorImpl.invoke0(Native Method) ~[na:na]
	at java.base/jdk.internal.reflect.NativeMethodAccessorImpl.invoke(NativeMethodAccessorImpl.java:62) ~[na:na]
	at java.base/jdk.internal.reflect.DelegatingMethodAccessorImpl.invoke(DelegatingMethodAccessorImpl.java:43) ~[na:na]
	at java.base/java.lang.reflect.Method.invoke(Method.java:567) ~[na:na]
	at org.springframework.boot.devtools.restart.RestartLauncher.run(RestartLauncher.java:49) ~[spring-boot-devtools-2.4.0.jar:2.4.0]
Caused by: org.springframework.beans.factory.BeanCreationException: Error creating bean with name 'employeePayrollService' defined in file [H:\java-eclipse\EmployeePayrollApp-1\target\classes\com\cg\employeepayroll\services\EmployeePayrollService.class]: Instantiation of bean failed; nested exception is org.springframework.beans.BeanInstantiationException: Failed to instantiate [com.cg.employeepayroll.services.EmployeePayrollService]: Constructor threw exception; nested exception is java.lang.Error: Unresolved compilation problems: 
	The method getBasicPay() is undefined for the type EmployeePayrollDTO
	The method getBasicPay() is undefined for the type EmployeePayrollDTO
	The method getBasicPay() is undefined for the type EmployeePayrollDTO
	The method getBasicPay() is undefined for the type EmployeePayrollDTO

	at org.springframework.beans.factory.support.AbstractAutowireCapableBeanFactory.instantiateBean(AbstractAutowireCapableBeanFactory.java:1318) ~[spring-beans-5.3.1.jar:5.3.1]
	at org.springframework.beans.factory.support.AbstractAutowireCapableBeanFactory.createBeanInstance(AbstractAutowireCapableBeanFactory.java:1216) ~[spring-beans-5.3.1.jar:5.3.1]
	at org.springframework.beans.factory.support.AbstractAutowireCapableBeanFactory.doCreateBean(AbstractAutowireCapableBeanFactory.java:571) ~[spring-beans-5.3.1.jar:5.3.1]
	at org.springframework.beans.factory.support.AbstractAutowireCapableBeanFactory.createBean(AbstractAutowireCapableBeanFactory.java:531) ~[spring-beans-5.3.1.jar:5.3.1]
	at org.springframework.beans.factory.support.AbstractBeanFactory.lambda$doGetBean$0(AbstractBeanFactory.java:335) ~[spring-beans-5.3.1.jar:5.3.1]
	at org.springframework.beans.factory.support.DefaultSingletonBeanRegistry.getSingleton(DefaultSingletonBeanRegistry.java:234) ~[spring-beans-5.3.1.jar:5.3.1]
	at org.springframework.beans.factory.support.AbstractBeanFactory.doGetBean(AbstractBeanFactory.java:333) ~[spring-beans-5.3.1.jar:5.3.1]
	at org.springframework.beans.factory.support.AbstractBeanFactory.getBean(AbstractBeanFactory.java:208) ~[spring-beans-5.3.1.jar:5.3.1]
	at org.springframework.beans.factory.config.DependencyDescriptor.resolveCandidate(DependencyDescriptor.java:276) ~[spring-beans-5.3.1.jar:5.3.1]
	at org.springframework.beans.factory.support.DefaultListableBeanFactory.doResolveDependency(DefaultListableBeanFactory.java:1367) ~[spring-beans-5.3.1.jar:5.3.1]
	at org.springframework.beans.factory.support.DefaultListableBeanFactory.resolveDependency(DefaultListableBeanFactory.java:1287) ~[spring-beans-5.3.1.jar:5.3.1]
	at org.springframework.beans.factory.annotation.AutowiredAnnotationBeanPostProcessor$AutowiredFieldElement.inject(AutowiredAnnotationBeanPostProcessor.java:640) ~[spring-beans-5.3.1.jar:5.3.1]
	... 25 common frames omitted
Caused by: org.springframework.beans.BeanInstantiationException: Failed to instantiate [com.cg.employeepayroll.services.EmployeePayrollService]: Constructor threw exception; nested exception is java.lang.Error: Unresolved compilation problems: 
	The method getBasicPay() is undefined for the type EmployeePayrollDTO
	The method getBasicPay() is undefined for the type EmployeePayrollDTO
	The method getBasicPay() is undefined for the type EmployeePayrollDTO
	The method getBasicPay() is undefined for the type EmployeePayrollDTO

	at org.springframework.beans.BeanUtils.instantiateClass(BeanUtils.java:225) ~[spring-beans-5.3.1.jar:5.3.1]
	at org.springframework.beans.factory.support.SimpleInstantiationStrategy.instantiate(SimpleInstantiationStrategy.java:87) ~[spring-beans-5.3.1.jar:5.3.1]
	at org.springframework.beans.factory.support.AbstractAutowireCapableBeanFactory.instantiateBean(AbstractAutowireCapableBeanFactory.java:1310) ~[spring-beans-5.3.1.jar:5.3.1]
	... 36 common frames omitted
Caused by: java.lang.Error: Unresolved compilation problems: 
	The method getBasicPay() is undefined for the type EmployeePayrollDTO
	The method getBasicPay() is undefined for the type EmployeePayrollDTO
	The method getBasicPay() is undefined for the type EmployeePayrollDTO
	The method getBasicPay() is undefined for the type EmployeePayrollDTO

	at com.cg.employeepayroll.services.EmployeePayrollService.<init>(EmployeePayrollService.java:33) ~[classes/:na]
	at java.base/jdk.internal.reflect.NativeConstructorAccessorImpl.newInstance0(Native Method) ~[na:na]
	at java.base/jdk.internal.reflect.NativeConstructorAccessorImpl.newInstance(NativeConstructorAccessorImpl.java:62) ~[na:na]
	at java.base/jdk.internal.reflect.DelegatingConstructorAccessorImpl.newInstance(DelegatingConstructorAccessorImpl.java:45) ~[na:na]
	at java.base/java.lang.reflect.Constructor.newInstanceWithCaller(Constructor.java:500) ~[na:na]
	at java.base/java.lang.reflect.Constructor.newInstance(Constructor.java:481) ~[na:na]
	at org.springframework.beans.BeanUtils.instantiateClass(BeanUtils.java:212) ~[spring-beans-5.3.1.jar:5.3.1]
	... 38 common frames omitted

2020-12-17 09:14:26.391  INFO 19928 --- [restartedMain] c.c.e.EmployeePayrollApplication         : Starting EmployeePayrollApplication using Java 13.0.2 on LAPTOP-2DQUBLJ8 with PID 19928 (H:\java-eclipse\EmployeePayrollApp-1\target\classes started by ganeshrapeti in H:\java-eclipse\EmployeePayrollApp-1)
2020-12-17 09:14:26.397 DEBUG 19928 --- [restartedMain] c.c.e.EmployeePayrollApplication         : Running with Spring Boot v2.4.0, Spring v5.3.1
2020-12-17 09:14:26.398  INFO 19928 --- [restartedMain] c.c.e.EmployeePayrollApplication         : The following profiles are active: dev
2020-12-17 09:14:28.925  WARN 19928 --- [restartedMain] JpaBaseConfiguration$JpaWebConfiguration : spring.jpa.open-in-view is enabled by default. Therefore, database queries may be performed during view rendering. Explicitly configure spring.jpa.open-in-view to disable this warning
2020-12-17 09:14:33.099  INFO 19928 --- [restartedMain] c.c.e.EmployeePayrollApplication         : Started EmployeePayrollApplication in 7.267 seconds (JVM running for 8.875)
2020-12-17 09:14:33.103  INFO 19928 --- [restartedMain] c.c.e.EmployeePayrollApplication         : Employee Payroll App Started in DEV Environment
2020-12-17 09:14:33.114  INFO 19928 --- [restartedMain] c.c.e.EmployeePayrollApplication         : Employee Payroll DB User is payrolluser 
